<?xml version="1.0" encoding="UTF-8"?>
<!-- Generated by org.testng.reporters.JUnitXMLReporter -->
<testsuite ignored="0" hostname="GDLT164" failures="1" tests="1" name="Framework" time="5.271" errors="0" timestamp="2021-12-15T16:58:36 IST">
  <testcase classname="TestCases.TC_01_Signup" name="signUp" time="5.21">
    <failure type="java.lang.NullPointerException" message="Cannot invoke &amp;quot;org.openqa.selenium.WebDriver.findElement(org.openqa.selenium.By)&amp;quot; because &amp;quot;this.driver&amp;quot; is null">
      <![CDATA[java.lang.NullPointerException: Cannot invoke "org.openqa.selenium.WebDriver.findElement(org.openqa.selenium.By)" because "this.driver" is null
at PageObjectModel.VoluntarySignUp.enterFirstName(VoluntarySignUp.java:27)
at TestCases.TC_01_Signup.signUp(TC_01_Signup.java:17)
at java.base/java.util.ArrayList.forEach(ArrayList.java:1511)
... Removed 27 stack frames]]>
    </failure>
  </testcase> <!-- signUp -->
</testsuite> <!-- Framework -->
